<?xml version="1.0" encoding="UTF-8"?>
<!-- Generated by org.testng.reporters.JUnitReportReporter -->
<testsuite skipped="0" hostname="Arpit-PC" name="tests.TC_001" tests="1" failures="0" timestamp="11 Jun 2017 19:14:24 GMT" time="15.366" errors="0">
  <testcase name="fb_login" time="15.366" classname="tests.TC_001"/>
</testsuite> <!-- tests.TC_001 -->
